<?xml version="1.0" encoding="UTF-8"?>
<!-- Generated by org.testng.reporters.JUnitReportReporter -->
<testsuite skipped="4" hostname="AIPLLTH323" name="com.testcases.Partnermanagment" tests="6" failures="0" timestamp="19 Mar 2022 08:37:11 GMT" time="0.290" errors="2">
  <testcase name="test" time="0.001" classname="com.testcases.Partnermanagment">
    <skipped/>
  </testcase> <!-- test -->
  <testcase name="test" time="0.000" classname="com.testcases.Partnermanagment">
    <skipped/>
  </testcase> <!-- test -->
  <testcase name="test" time="0.001" classname="com.testcases.Partnermanagment">
    <skipped/>
  </testcase> <!-- test -->
  <testcase name="test" time="0.000" classname="com.testcases.Partnermanagment">
    <skipped/>
  </testcase> <!-- test -->
  <testcase name="beforeTest" time="0.286" classname="com.testcases.Partnermanagment">
    <error type="java.lang.NullPointerException">
      <![CDATA[java.lang.NullPointerException
	at com.keywords.GenericKeywords.openBrowser(GenericKeywords.java:47)
	at com.testbase.BaseTest.beforeTest(BaseTest.java:77)
	at sun.reflect.NativeMethodAccessorImpl.invoke0(Native Method)
	at sun.reflect.NativeMethodAccessorImpl.invoke(NativeMethodAccessorImpl.java:62)
	at sun.reflect.DelegatingMethodAccessorImpl.invoke(DelegatingMethodAccessorImpl.java:43)
	at java.lang.reflect.Method.invoke(Method.java:498)
	at org.testng.internal.MethodInvocationHelper.invokeMethod(MethodInvocationHelper.java:108)
	at org.testng.internal.Invoker.invokeConfigurationMethod(Invoker.java:523)
	at org.testng.internal.Invoker.invokeConfigurations(Invoker.java:224)
	at org.testng.internal.Invoker.invokeConfigurations(Invoker.java:146)
	at org.testng.TestRunner.beforeRun(TestRunner.java:626)
	at org.testng.TestRunner.run(TestRunner.java:594)
	at org.testng.SuiteRunner.runTest(SuiteRunner.java:380)
	at org.testng.SuiteRunner.runSequentially(SuiteRunner.java:375)
	at org.testng.SuiteRunner.privateRun(SuiteRunner.java:340)
	at org.testng.SuiteRunner.run(SuiteRunner.java:289)
	at org.testng.SuiteRunnerWorker.runSuite(SuiteRunnerWorker.java:52)
	at org.testng.SuiteRunnerWorker.run(SuiteRunnerWorker.java:86)
	at org.testng.TestNG.runSuitesSequentially(TestNG.java:1301)
	at org.testng.TestNG.runSuitesLocally(TestNG.java:1226)
	at org.testng.TestNG.runSuites(TestNG.java:1144)
	at org.testng.TestNG.run(TestNG.java:1115)
	at com.runner.TestNGRunner.run(TestNGRunner.java:80)
	at com.runner.JSONRunner.main(JSONRunner.java:137)
]]>
    </error>
  </testcase> <!-- beforeTest -->
  <testcase name="beforeTest" time="0.002" classname="com.testcases.Partnermanagment">
    <error type="java.lang.NullPointerException">
      <![CDATA[java.lang.NullPointerException
	at com.keywords.GenericKeywords.openBrowser(GenericKeywords.java:47)
	at com.testbase.BaseTest.beforeTest(BaseTest.java:77)
	at sun.reflect.NativeMethodAccessorImpl.invoke0(Native Method)
	at sun.reflect.NativeMethodAccessorImpl.invoke(NativeMethodAccessorImpl.java:62)
	at sun.reflect.DelegatingMethodAccessorImpl.invoke(DelegatingMethodAccessorImpl.java:43)
	at java.lang.reflect.Method.invoke(Method.java:498)
	at org.testng.internal.MethodInvocationHelper.invokeMethod(MethodInvocationHelper.java:108)
	at org.testng.internal.Invoker.invokeConfigurationMethod(Invoker.java:523)
	at org.testng.internal.Invoker.invokeConfigurations(Invoker.java:224)
	at org.testng.internal.Invoker.invokeConfigurations(Invoker.java:146)
	at org.testng.TestRunner.beforeRun(TestRunner.java:626)
	at org.testng.TestRunner.run(TestRunner.java:594)
	at org.testng.SuiteRunner.runTest(SuiteRunner.java:380)
	at org.testng.SuiteRunner.runSequentially(SuiteRunner.java:375)
	at org.testng.SuiteRunner.privateRun(SuiteRunner.java:340)
	at org.testng.SuiteRunner.run(SuiteRunner.java:289)
	at org.testng.SuiteRunnerWorker.runSuite(SuiteRunnerWorker.java:52)
	at org.testng.SuiteRunnerWorker.run(SuiteRunnerWorker.java:86)
	at org.testng.TestNG.runSuitesSequentially(TestNG.java:1301)
	at org.testng.TestNG.runSuitesLocally(TestNG.java:1226)
	at org.testng.TestNG.runSuites(TestNG.java:1144)
	at org.testng.TestNG.run(TestNG.java:1115)
	at com.runner.TestNGRunner.run(TestNGRunner.java:80)
	at com.runner.JSONRunner.main(JSONRunner.java:137)
]]>
    </error>
  </testcase> <!-- beforeTest -->
</testsuite> <!-- com.testcases.Partnermanagment -->
